
2026-06-20 20:45:02,634 - INFO - Starting Test Execution
2026-06-20 20:45:10,041 - INFO - Login successful and Home page loaded
2026-06-20 20:45:10,041 - INFO - Login Test Passed
2026-06-20 20:45:10,409 - INFO - Screenshot Captured
2026-06-20 20:45:10,614 - INFO - Event URL Verified
2026-06-20 20:45:10,681 - INFO - Event Page Text Verified
2026-06-20 20:45:10,681 - INFO - EVENT TEST PASSED
2026-06-20 20:45:20,946 - INFO - Event Page Screenshot Captured
2026-06-20 20:45:51,076 - INFO - Starting Test Execution
2026-06-20 20:45:56,993 - INFO - Login successful and Home page loaded
2026-06-20 20:45:57,337 - INFO - Login Screenshot Captured
2026-06-20 20:45:57,526 - INFO - Event URL Verified
2026-06-20 20:45:57,603 - INFO - Event Page Text Verified
2026-06-20 20:45:57,713 - INFO - Event Screenshot Captured
2026-06-20 20:45:57,713 - INFO - EVENT TEST PASSED
2026-06-20 20:47:46,631 - INFO - Starting Test Execution
2026-06-20 20:47:52,154 - INFO - Login successful and Home page loaded
2026-06-20 20:47:52,493 - INFO - Login Screenshot Captured
2026-06-20 20:53:20,326 - INFO - Starting Test Execution
2026-06-20 20:53:27,647 - INFO - Login successful and Home page loaded
2026-06-20 20:53:27,648 - INFO - Login Test Passed
2026-06-20 20:53:27,985 - INFO - Screenshot Captured
2026-06-20 20:53:28,201 - INFO - Event URL Verified
2026-06-20 20:53:28,270 - INFO - Event Page Text Verified
2026-06-20 20:53:28,270 - INFO - EVENT TEST PASSED
2026-06-20 20:53:38,518 - INFO - Event Page Screenshot Captured
2026-06-20 21:01:11,794 - INFO - Starting Test Execution
2026-06-20 21:01:19,361 - INFO - Login successful and Home page loaded
2026-06-20 21:01:19,876 - INFO - Screenshot Captured
2026-06-20 21:01:20,082 - INFO - Event URL Verified
2026-06-20 21:01:20,145 - INFO - Event Page Text Verified
2026-06-20 21:01:20,145 - INFO - EVENT TEST PASSED
2026-06-20 21:01:22,366 - INFO - Event Page Screenshot Captured
